d:\c++ examples\source\repos\caduceus\debug\caduceus.home.resources
d:\c++ examples\source\repos\caduceus\debug\caduceus.latestnews.resources
d:\c++ examples\source\repos\caduceus\debug\caduceus.myform.resources
d:\c++ examples\source\repos\caduceus\debug\caduceus.record.resources
d:\c++ examples\source\repos\caduceus\debug\caduceus.temperature.resources
d:\c++ examples\source\repos\caduceus\debug\caduceus.termsandconditions.resources
d:\c++ examples\source\repos\caduceus\debug\vc142.pdb
d:\c++ examples\source\repos\caduceus\debug\.netframework,version=v4.7.2.assemblyattributes.obj
d:\c++ examples\source\repos\caduceus\debug\termsandconditions.obj
d:\c++ examples\source\repos\caduceus\debug\temperature.obj
d:\c++ examples\source\repos\caduceus\debug\record.obj
d:\c++ examples\source\repos\caduceus\debug\myform.obj
d:\c++ examples\source\repos\caduceus\debug\latestnews.obj
d:\c++ examples\source\repos\caduceus\debug\home.obj
d:\c++ examples\source\repos\caduceus\caduceus.exe
d:\c++ examples\source\repos\caduceus\caduceus.pdb
d:\c++ examples\source\repos\caduceus\debug\caduceus.tlog\caduceus.write.1u.tlog
d:\c++ examples\source\repos\caduceus\debug\caduceus.tlog\cl.command.1.tlog
d:\c++ examples\source\repos\caduceus\debug\caduceus.tlog\cl.read.1.tlog
d:\c++ examples\source\repos\caduceus\debug\caduceus.tlog\cl.write.1.tlog
d:\c++ examples\source\repos\caduceus\debug\caduceus.tlog\link.command.1.tlog
d:\c++ examples\source\repos\caduceus\debug\caduceus.tlog\link.read.1.tlog
d:\c++ examples\source\repos\caduceus\debug\caduceus.tlog\link.write.1.tlog
d:\c++ examples\source\repos\caduceus\debug\caduceus.tlog\metagen.read.1.tlog
d:\c++ examples\source\repos\caduceus\debug\caduceus.tlog\metagen.write.1.tlog
